{"logLevel":"debug","message":"multithreading is set to false"}
{"logLevel":"debug","message":"Using reflection to scan dependencies for gauge implementations..."}
{"logLevel":"debug","message":"gauge-java took 953milliseconds to load and scan. This should be less than 'runner_connection_timeout' config value."}
{"logLevel":"debug","message":"run 'gauge config runner_connection_timeout' and verify that it is < 953"}
{"logLevel":"debug","message":"starting gRPC server..."}
2020-11-23 08:09:33 INFO  Reflections:228 scan - Reflections took 4545 ms to scan 108 urls, producing 13125 keys and 68586 values 
{"logLevel":"debug","message":"Scanning packages for steps"}
{"logLevel":"debug","message":"Comparing 'WebAutomationBase.step.BaseSteps.clickElement' and 'WebAutomationBase.step.BaseSteps.clickElement'"}
{"logLevel":"debug","message":"Found Click to element {} in current project scope."}
{"logLevel":"debug","message":"Comparing 'WebAutomationBase.step.BaseSteps.clickElement' and 'WebAutomationBase.step.BaseSteps.clickElement'"}
{"logLevel":"debug","message":"Found Elementine tıkla {} in current project scope."}
{"logLevel":"debug","message":"Comparing 'WebAutomationBase.step.BaseSteps.UrunKarsilastir' and 'WebAutomationBase.step.BaseSteps.UrunKarsilastir'"}
{"logLevel":"debug","message":"Found Sepetteki Urun ile arama sonucu çıkan ürün karşılaştırması in current project scope."}
{"logLevel":"debug","message":"Comparing 'WebAutomationBase.step.BaseSteps.printPageSource' and 'WebAutomationBase.step.BaseSteps.printPageSource'"}
{"logLevel":"debug","message":"Found Print page source in current project scope."}
{"logLevel":"debug","message":"Comparing 'WebAutomationBase.step.BaseSteps.goToUrl2' and 'WebAutomationBase.step.BaseSteps.goToUrl2'"}
{"logLevel":"debug","message":"Found Go to {} addres in current project scope."}
{"logLevel":"debug","message":"Comparing 'WebAutomationBase.step.BaseSteps.getElementWithKeyIfExists' and 'WebAutomationBase.step.BaseSteps.getElementWithKeyIfExists'"}
{"logLevel":"debug","message":"Found Check if element {} exists in current project scope."}
{"logLevel":"debug","message":"Comparing 'WebAutomationBase.step.BaseSteps.getElementWithKeyIfExists' and 'WebAutomationBase.step.BaseSteps.getElementWithKeyIfExists'"}
{"logLevel":"debug","message":"Found Wait for element to load with key {} in current project scope."}
{"logLevel":"debug","message":"Comparing 'WebAutomationBase.step.BaseSteps.getElementWithKeyIfExists' and 'WebAutomationBase.step.BaseSteps.getElementWithKeyIfExists'"}
{"logLevel":"debug","message":"Found Element var mı kontrol et {} in current project scope."}
{"logLevel":"debug","message":"Comparing 'WebAutomationBase.step.BaseSteps.getElementWithKeyIfExists' and 'WebAutomationBase.step.BaseSteps.getElementWithKeyIfExists'"}
{"logLevel":"debug","message":"Found Elementin yüklenmesini bekle {} in current project scope."}
{"logLevel":"debug","message":"Comparing 'WebAutomationBase.step.BaseSteps.clickElementWithFocus' and 'WebAutomationBase.step.BaseSteps.clickElementWithFocus'"}
{"logLevel":"debug","message":"Found Click to element {} with focus in current project scope."}
{"logLevel":"debug","message":"Comparing 'WebAutomationBase.step.BaseSteps.clickElementWithFocus' and 'WebAutomationBase.step.BaseSteps.clickElementWithFocus'"}
{"logLevel":"debug","message":"Found {} elementine focus ile tıkla in current project scope."}
{"logLevel":"debug","message":"Comparing 'WebAutomationBase.step.BaseSteps.UrunArtir' and 'WebAutomationBase.step.BaseSteps.UrunArtir'"}
{"logLevel":"debug","message":"Found Urun Adedi Arttırma in current project scope."}
{"logLevel":"debug","message":"Comparing 'WebAutomationBase.step.BaseSteps.girisYap' and 'WebAutomationBase.step.BaseSteps.girisYap'"}
{"logLevel":"debug","message":"Found Kullanici adi ve sifre ile giris yapildi in current project scope."}
{"logLevel":"debug","message":"Comparing 'WebAutomationBase.step.BaseSteps.UrunArama' and 'WebAutomationBase.step.BaseSteps.UrunArama'"}
{"logLevel":"debug","message":"Found Urun arama ekraninda bilgisayar kelimesi aranır in current project scope."}
{"logLevel":"debug","message":"Comparing 'WebAutomationBase.step.BaseSteps.checkElementExistsThenClick' and 'WebAutomationBase.step.BaseSteps.checkElementExistsThenClick'"}
{"logLevel":"debug","message":"Found Wait for element then click {} in current project scope."}
{"logLevel":"debug","message":"Comparing 'WebAutomationBase.step.BaseSteps.checkElementExistsThenClick' and 'WebAutomationBase.step.BaseSteps.checkElementExistsThenClick'"}
{"logLevel":"debug","message":"Found Elementi bekle ve sonra tıkla {} in current project scope."}
{"logLevel":"debug","message":"Comparing 'WebAutomationBase.step.BaseSteps.waitByMilliSeconds' and 'WebAutomationBase.step.BaseSteps.waitByMilliSeconds'"}
{"logLevel":"debug","message":"Found Wait {} milliseconds in current project scope."}
{"logLevel":"debug","message":"Comparing 'WebAutomationBase.step.BaseSteps.waitByMilliSeconds' and 'WebAutomationBase.step.BaseSteps.waitByMilliSeconds'"}
{"logLevel":"debug","message":"Found {} milisaniye bekle in current project scope."}
{"logLevel":"debug","message":"Comparing 'WebAutomationBase.step.BaseSteps.goToUrl' and 'WebAutomationBase.step.BaseSteps.goToUrl'"}
{"logLevel":"debug","message":"Found Go to {} address in current project scope."}
{"logLevel":"debug","message":"Comparing 'WebAutomationBase.step.BaseSteps.goToUrl' and 'WebAutomationBase.step.BaseSteps.goToUrl'"}
{"logLevel":"debug","message":"Found {} adresine git in current project scope."}
{"logLevel":"debug","message":"Comparing 'WebAutomationBase.step.BaseSteps.UrunEkle' and 'WebAutomationBase.step.BaseSteps.UrunEkle'"}
{"logLevel":"debug","message":"Found Arama Sonucu sepete ürün eklemesi yapma in current project scope."}
{"logLevel":"debug","message":"Comparing 'WebAutomationBase.step.BaseSteps.deneme' and 'WebAutomationBase.step.BaseSteps.deneme'"}
{"logLevel":"debug","message":"Found deneme in current project scope."}
{"logLevel":"debug","message":"Comparing 'WebAutomationBase.step.BaseSteps.waitBySeconds' and 'WebAutomationBase.step.BaseSteps.waitBySeconds'"}
{"logLevel":"debug","message":"Found Wait {} seconds in current project scope."}
{"logLevel":"debug","message":"Comparing 'WebAutomationBase.step.BaseSteps.waitBySeconds' and 'WebAutomationBase.step.BaseSteps.waitBySeconds'"}
{"logLevel":"debug","message":"Found {} saniye bekle in current project scope."}
{"logLevel":"debug","message":"Scanning packages for hooks"}
{"logLevel":"debug","message":"Scanned steps (using static parsing + reflections): "}
{"logLevel":"debug","message":"\tWait {} milliseconds : public void waitByMilliSeconds(long milliseconds)"}
{"logLevel":"debug","message":"\tUrun arama ekraninda bilgisayar kelimesi aranır : public void UrunArama() throws InterruptedException"}
{"logLevel":"debug","message":"\t{} milisaniye bekle : public void waitByMilliSeconds(long milliseconds)"}
{"logLevel":"debug","message":"\t{} adresine git : public void goToUrl(String url)"}
{"logLevel":"debug","message":"\tElement var mı kontrol et {} : public WebElement getElementWithKeyIfExists(String key)"}
{"logLevel":"debug","message":"\t{} saniye bekle : public void waitBySeconds(ınt seconds)"}
{"logLevel":"debug","message":"\tWait for element then click {} : public void checkElementExistsThenClick(String key)"}
{"logLevel":"debug","message":"\tGo to {} address : public void goToUrl(String url)"}
{"logLevel":"debug","message":"\tGo to {} addres : public void goToUrl2(String url)"}
{"logLevel":"debug","message":"\tWait {} seconds : public void waitBySeconds(ınt seconds)"}
{"logLevel":"debug","message":"\tCheck if element {} exists : public WebElement getElementWithKeyIfExists(String key)"}
{"logLevel":"debug","message":"\t{} elementine focus ile tıkla : public void clickElementWithFocus(String key)"}
{"logLevel":"debug","message":"\tElementin yüklenmesini bekle {} : public WebElement getElementWithKeyIfExists(String key)"}
{"logLevel":"debug","message":"\tClick to element {} with focus : public void clickElementWithFocus(String key)"}
{"logLevel":"debug","message":"\tElementi bekle ve sonra tıkla {} : public void checkElementExistsThenClick(String key)"}
{"logLevel":"debug","message":"\tClick to element {} : public void clickElement(String key)"}
{"logLevel":"debug","message":"\tSepetteki Urun ile arama sonucu çıkan ürün karşılaştırması : public void UrunKarsilastir() throws IOException, InterruptedException"}
{"logLevel":"debug","message":"\tWait for element to load with key {} : public WebElement getElementWithKeyIfExists(String key)"}
{"logLevel":"debug","message":"\tArama Sonucu sepete ürün eklemesi yapma : public void UrunEkle() throws IOException, InterruptedException"}
{"logLevel":"debug","message":"\tKullanici adi ve sifre ile giris yapildi : public void girisYap() throws InterruptedException, IOException"}
{"logLevel":"debug","message":"\tdeneme : public void deneme()"}
{"logLevel":"debug","message":"\tPrint page source : public void printPageSource()"}
{"logLevel":"debug","message":"\tUrun Adedi Arttırma : public void UrunArtir() throws InterruptedException"}
{"logLevel":"debug","message":"\tElementine tıkla {} : public void clickElement(String key)"}
{"logLevel":"debug","message":"started gRPC server on port 63659"}
{"logLevel":"info","message":"Listening on port:63659"}
2020-11-23 08:09:36 INFO  Reflections:228 scan - Reflections took 2496 ms to scan 108 urls, producing 13041 keys and 60170 values 
Kas 23, 2020 8:09:36 AM org.openqa.selenium.remote.DesiredCapabilities chrome
INFO: Using `new ChromeOptions()` is preferred to `DesiredCapabilities.chrome()`
Starting ChromeDriver 86.0.4240.22 (398b0743353ff36fb1b82468f63a3a93b4e2e89e-refs/branch-heads/4240@{#378}) on port 9766
Only local connections are allowed.
Please see https://chromedriver.chromium.org/security-considerations for suggestions on keeping ChromeDriver safe.
ChromeDriver was started successfully.
[1606108178.359][WARNING]: This version of ChromeDriver has not been tested with Chrome version 87.
Kas 23, 2020 8:09:38 AM org.openqa.selenium.remote.ProtocolHandshake createSession
INFO: Detected dialect: W3C
{"logLevel":"debug","message":"Executing 'Go to {} addres' using 'class WebAutomationBase.step.BaseSteps.goToUrl2"}
2020-11-23 08:09:41 INFO  BaseSteps:237 goToUrl2 - http://www.trendyol.com adresine gidiliyor.
{"logLevel":"debug","message":"Executing 'Kullanici adi ve sifre ile giris yapildi' using 'class WebAutomationBase.step.BaseSteps.girisYap"}
2020-11-23 08:09:43 INFO  BaseSteps:242 Control - Ana Sayfa Kontrolü Basarili
username= testtrendyol23@gmail.com
password= test12398765
{"logLevel":"debug","message":"Executing 'Urun arama ekraninda bilgisayar kelimesi aranır' using 'class WebAutomationBase.step.BaseSteps.UrunArama"}
{"logLevel":"debug","message":"Executing 'Arama Sonucu sepete ürün eklemesi yapma' using 'class WebAutomationBase.step.BaseSteps.UrunEkle"}
{"logLevel":"debug","message":"Executing 'Sepetteki Urun ile arama sonucu çıkan ürün karşılaştırması' using 'class WebAutomationBase.step.BaseSteps.UrunKarsilastir"}
2020-11-23 08:10:01 INFO  BaseSteps:321 UrunKarsilastir - Urunun fiyati ile sepetteki fiyat aynidir.
{"logLevel":"debug","message":"Executing 'Urun Adedi Arttırma' using 'class WebAutomationBase.step.BaseSteps.UrunArtir"}
Value of the button is:- 2
2020-11-23 08:10:07 INFO  BaseSteps:343 UrunArtir - Urun Adet Kontrolu Basarili
